33) Config File = PixelsToKeys.txt
3) begin thread call
1) end thread call
167) begin PixelsToKeys
40) end initComponents
1) end PixelsToKeys
paintComponent: 300 x 50
paintComponent: 300 x 50
paintComponent: 300 x 50
paintComponent: 300 x 50
paintComponent: 300 x 50
paintComponent: 300 x 50
paintComponent: 300 x 50
paintComponent: 300 x 50
330346) 	px0Hex:ff010203	px7Hex:ff030201	px1Bin:000000000000000000000000000000000000000100000000000000000000000000000000000000000000000000000000000000000000000000000000000000000000000000000000 Press(69):VK_E	cycle:18
115) 	px0Hex:ff010203	px7Hex:ff030201	px1Bin:000000000000000000000000000000000000000000000000000000000000000000000000000000000000000000000000000000000000000000000000000000000000000000000000 Release(69):VK_E	cycle:16
1200094) 	px0Hex:ff010203	px7Hex:ff030201	px1Bin:000000000000000000000000000000000000000100000000000000000000000000000000000000000000000000000000000000000000000000000000000000000000000000000000 Press(69):VK_E	cycle:17
119) 	px0Hex:ff010203	px7Hex:ff030201	px1Bin:000000000000000000000000000000000000000000000000000000000000000000000000000000000000000000000000000000000000000000000000000000000000000000000000 Release(69):VK_E	cycle:19
398) 	px0Hex:ff010203	px7Hex:ff030201	px1Bin:000000000000000000000000000000000000000100000000000000000000000000000000000000000000000000000000000000000000000000000000000000000000000000000000 Press(69):VK_E	cycle:17
102) 	px0Hex:ff010203	px7Hex:ff030201	px1Bin:000000000000000000000000000000000000000000000000000000000000000000000000000000000000000000000000000000000000000000000000000000000000000000000000 Release(69):VK_E	cycle:19
972027) 	px0Hex:ff010203	px7Hex:ff030201	px1Bin:000000000000000000000000000000000000000100000000000000000000000000000000000000000000000000000000000000000000000000000000000000000000000000000000 Press(69):VK_E	cycle:17
100) 	px0Hex:ff010203	px7Hex:ff030201	px1Bin:000000000000000000000000000000000000000000000000000000000000000000000000000000000000000000000000000000000000000000000000000000000000000000000000 Release(69):VK_E	cycle:17
399) 	px0Hex:ff010203	px7Hex:ff030201	px1Bin:000000000000000000000000000000000000000100000000000000000000000000000000000000000000000000000000000000000000000000000000000000000000000000000000 Press(69):VK_E	cycle:14
118) 	px0Hex:ff010203	px7Hex:ff030201	px1Bin:000000000000000000000000000000000000000000000000000000000000000000000000000000000000000000000000000000000000000000000000000000000000000000000000 Release(69):VK_E	cycle:17
28383) 	px0Hex:ff010203	px7Hex:ff030201	px1Bin:000000000000000000000000000000000000000000000000000000000000000000000000000000000000000000000000000000000000000000000000000100000000000000000000 Press(12):VM_MOVE_10_LEFT	cycle:18
531) 	px0Hex:ff010203	px7Hex:ff030201	px1Bin:000000000000000000000000000000000000000000000000000000000000000000000000000000000000000000000000000000000000000010000000000010000000000000000000 Press(1):VM_BTN_LEFT Release(12):VM_MOVE_10_LEFT Press(13):VM_MOVE_10_RIGHT	cycle:31
435) 	px0Hex:ff010203	px7Hex:ff030201	px1Bin:000000000000000000000000000000000000000000000000000000000000000000000000000000000000000000000000000000000000000000000000000010000000000000000000 Release(1):VM_BTN_LEFT	cycle:15
100) 	px0Hex:ff010203	px7Hex:ff030201	px1Bin:000000000000000000000000000000000000000000000000000000000000000000000000000000000000000000000000000000000000000010000000000010000000000000000000 Press(1):VM_BTN_LEFT	cycle:15
1350) 	px0Hex:ff010203	px7Hex:ff030201	px1Bin:000000000000000000000000000000000000000000000000000000000000000000000000000000000000000000000000000000000000000000000000000010000000000000000000 Release(1):VM_BTN_LEFT	cycle:14
85) 	px0Hex:ff010203	px7Hex:ff030201	px1Bin:000000000000000000000000000000000000000000000000000000000000000000000000000000000000000000000000000000000000000010000000000010000000000000000000 Press(1):VM_BTN_LEFT	cycle:19
1534) 	px0Hex:ff010203	px7Hex:ff030201	px1Bin:000000000000000000000000000000000000000000000000000000000000000000000000000000000000000000000000000000000000000000000000000000000000000000000000 Release(1):VM_BTN_LEFT Release(13):VM_MOVE_10_RIGHT	cycle:17
paintComponent: 300 x 50
paintComponent: 300 x 50
paintComponent: 300 x 50
paintComponent: 300 x 50
paintComponent: 300 x 50
paintComponent: 300 x 50
667528) 	px0Hex:ff010203	px7Hex:ff030201	px1Bin:000000000000000000000000000000000000000000000000000000000000000000000000000000000000000000000000000000000000000000000000000100000000000000000000 Press(12):VM_MOVE_10_LEFT	cycle:17
533) 	px0Hex:ff010203	px7Hex:ff030201	px1Bin:000000000000000000000000000000000000000000000000000000000000000000000000000000000000000000000000000000000000000010000000000010000000000000000000 Press(1):VM_BTN_LEFT Release(12):VM_MOVE_10_LEFT Press(13):VM_MOVE_10_RIGHT	cycle:33
867) 	px0Hex:ff010203	px7Hex:ff030201	px1Bin:000000000000000000000000000000000000000000000000000000000000000000000000000000000000000000000000000000000000000000000000000010000000000000000000 Release(1):VM_BTN_LEFT	cycle:17
67) 	px0Hex:ff010203	px7Hex:ff030201	px1Bin:000000000000000000000000000000000000000000000000000000000000000000000000000000000000000000000000000000000000000010000000000000000000000000000000 Press(1):VM_BTN_LEFT Release(13):VM_MOVE_10_RIGHT	cycle:18
14651) 	px0Hex:ff010203	px7Hex:ff030201	px1Bin:000000000000000000000000000000000000000000000000000000000000000000000000000000000000000000000000000000000000000000000000000000000000000000000000 Release(1):VM_BTN_LEFT	cycle:17
313230) 	px0Hex:ff010203	px7Hex:ff030201	px1Bin:000000000000000000000000000000000000000000000000000000000000000000000000000000000000000000000000000000000000000000000000000100000000000000000000 Press(12):VM_MOVE_10_LEFT	cycle:17
533) 	px0Hex:ff010203	px7Hex:ff030201	px1Bin:000000000000000000000000000000000000000000000000000000000000000000000000000000000000000000000000000000000000000010000000000010000000000000000000 Press(1):VM_BTN_LEFT Release(12):VM_MOVE_10_LEFT Press(13):VM_MOVE_10_RIGHT	cycle:32
450) 	px0Hex:ff010203	px7Hex:ff030201	px1Bin:000000000000000000000000000000000000000000000000000000000000000000000000000000000000000000000000000000000000000000000000000010000000000000000000 Release(1):VM_BTN_LEFT	cycle:16
68) 	px0Hex:ff010203	px7Hex:ff030201	px1Bin:000000000000000000000000000000000000000000000000000000000000000000000000000000000000000000000000000000000000000010000000000000000000000000000000 Press(1):VM_BTN_LEFT Release(13):VM_MOVE_10_RIGHT	cycle:18
3151) 	px0Hex:ff010203	px7Hex:ff030201	px1Bin:000000000000000000000000000000000000000000000000000000000000000000000000000000000000000000000000000000000000000000000000000000000000000000000000 Release(1):VM_BTN_LEFT	cycle:16
339515) 	px0Hex:ff010203	px7Hex:ff030201	px1Bin:000000000000000000000000000000000000000000000000000000000000000000000000000000000000000000000000000000000000000000000000000100000000000000000000 Press(12):VM_MOVE_10_LEFT	cycle:18
530) 	px0Hex:ff010203	px7Hex:ff030201	px1Bin:000000000000000000000000000000000000000000000000000000000000000000000000000000000000000000000000000000000000000010000000000010000000000000000000 Press(1):VM_BTN_LEFT Release(12):VM_MOVE_10_LEFT Press(13):VM_MOVE_10_RIGHT	cycle:30
471) 	px0Hex:ff010203	px7Hex:ff030201	px1Bin:000000000000000000000000000000000000000000000000000000000000000000000000000000000000000000000000000000000000000000000000000010000000000000000000 Release(1):VM_BTN_LEFT	cycle:20
50) 	px0Hex:ff010203	px7Hex:ff030201	px1Bin:000000000000000000000000000000000000000000000000000000000000000000000000000000000000000000000000000000000000000010000000000000000000000000000000 Press(1):VM_BTN_LEFT Release(13):VM_MOVE_10_RIGHT	cycle:20
4681) 	px0Hex:ff010203	px7Hex:ff030201	px1Bin:000000000000000000000000000000000000000000000000000000000000000000000000000000000000000000000000000000000000000000000000000000000000000000000000 Release(1):VM_BTN_LEFT	cycle:17
125016) 	px0Hex:ff010203	px7Hex:ff030201	px1Bin:000000000000000000000000000000000000000000000000000000000000000000000000000000000000000000000000000000000000000000000000000100000000000000000000 Press(12):VM_MOVE_10_LEFT	cycle:16
515) 	px0Hex:ff010203	px7Hex:ff030201	px1Bin:000000000000000000000000000000000000000000000000000000000000000000000000000000000000000000000000000000000000000010000000000010000000000000000000 Press(1):VM_BTN_LEFT Release(12):VM_MOVE_10_LEFT Press(13):VM_MOVE_10_RIGHT	cycle:32
884) 	px0Hex:ff010203	px7Hex:ff030201	px1Bin:000000000000000000000000000000000000000000000000000000000000000000000000000000000000000000000000000000000000000000000000000010000000000000000000 Release(1):VM_BTN_LEFT	cycle:17
67) 	px0Hex:ff010203	px7Hex:ff030201	px1Bin:000000000000000000000000000000000000000000000000000000000000000000000000000000000000000000000000000000000000000010000000000000000000000000000000 Press(1):VM_BTN_LEFT Release(13):VM_MOVE_10_RIGHT	cycle:16
18017) 	px0Hex:ff010203	px7Hex:ff030201	px1Bin:000000000000000000000000000000000000000000000000000000000000000000000000000000000000000000000000000000000000000000000000000000000000000000000000 Release(1):VM_BTN_LEFT	cycle:16
125566) 	px0Hex:ff010203	px7Hex:ff030201	px1Bin:000000000000000000000000000000000000000000000000000000000000000000000000000000000000000000000000000000000000000000000000000100000000000000000000 Press(12):VM_MOVE_10_LEFT	cycle:17
515) 	px0Hex:ff010203	px7Hex:ff030201	px1Bin:000000000000000000000000000000000000000000000000000000000000000000000000000000000000000000000000000000000000000010000000000010000000000000000000 Press(1):VM_BTN_LEFT Release(12):VM_MOVE_10_LEFT Press(13):VM_MOVE_10_RIGHT	cycle:32
885) 	px0Hex:ff010203	px7Hex:ff030201	px1Bin:000000000000000000000000000000000000000000000000000000000000000000000000000000000000000000000000000000000000000000000000000010000000000000000000 Release(1):VM_BTN_LEFT	cycle:18
50) 	px0Hex:ff010203	px7Hex:ff030201	px1Bin:000000000000000000000000000000000000000000000000000000000000000000000000000000000000000000000000000000000000000010000000000000000000000000000000 Press(1):VM_BTN_LEFT Release(13):VM_MOVE_10_RIGHT	cycle:17
3651) 	px0Hex:ff010203	px7Hex:ff030201	px1Bin:000000000000000000000000000000000000000000000000000000000000000000000000000000000000000000000000000000000000000000000000000000000000000000000000 Release(1):VM_BTN_LEFT	cycle:18
434979) 	px0Hex:ff010203	px7Hex:ff030201	px1Bin:000000000000000000000000000000000000000000000000000000000000000000000000000000000000000000000000000000000000000000000000000100000000000000000000 Press(12):VM_MOVE_10_LEFT	cycle:16
517) 	px0Hex:ff010203	px7Hex:ff030201	px1Bin:000000000000000000000000000000000000000000000000000000000000000000000000000000000000000000000000000000000000000010000000000010000000000000000000 Press(1):VM_BTN_LEFT Release(12):VM_MOVE_10_LEFT Press(13):VM_MOVE_10_RIGHT	cycle:33
884) 	px0Hex:ff010203	px7Hex:ff030201	px1Bin:000000000000000000000000000000000000000000000000000000000000000000000000000000000000000000000000000000000000000000000000000010000000000000000000 Release(1):VM_BTN_LEFT	cycle:17
68) 	px0Hex:ff010203	px7Hex:ff030201	px1Bin:000000000000000000000000000000000000000000000000000000000000000000000000000000000000000000000000000000000000000010000000000000000000000000000000 Press(1):VM_BTN_LEFT Release(13):VM_MOVE_10_RIGHT	cycle:18
50) 	px0Hex:ff010203	px7Hex:ff030201	px1Bin:000000000000000000000000000000000000000000000000000000000000000000000000000000000000000000000000000000000000000010000000000010000000000000000000 Press(13):VM_MOVE_10_RIGHT	cycle:19
3116) 	px0Hex:ff010203	px7Hex:ff030201	px1Bin:000000000000000000000000000000000000000000000000000000000000000000000000000000000000000000000000000000000000000000000000000000000000000000000000 Release(1):VM_BTN_LEFT Release(13):VM_MOVE_10_RIGHT	cycle:18
194249) 	px0Hex:ff010203	px7Hex:ff030201	px1Bin:000000000000000000000000000000000000000000000000000000000000000000000000000000000000000000000000000000000000000000000000000100000000000000000000 Press(12):VM_MOVE_10_LEFT	cycle:16
514) 	px0Hex:ff010203	px7Hex:ff030201	px1Bin:000000000000000000000000000000000000000000000000000000000000000000000000000000000000000000000000000000000000000010000000000010000000000000000000 Press(1):VM_BTN_LEFT Release(12):VM_MOVE_10_LEFT Press(13):VM_MOVE_10_RIGHT	cycle:32
837) 	px0Hex:ff010203	px7Hex:ff030201	px1Bin:000000000000000000000000000000000000000000000000000000000000000000000000000000000000000000000000000000000000000000000000000010000000000000000000 Release(1):VM_BTN_LEFT	cycle:19
48) 	px0Hex:ff010203	px7Hex:ff030201	px1Bin:000000000000000000000000000000000000000000000000000000000000000000000000000000000000000000000000000000000000000010000000000000000000000000000000 Press(1):VM_BTN_LEFT Release(13):VM_MOVE_10_RIGHT	cycle:15
66) 	px0Hex:ff010203	px7Hex:ff030201	px1Bin:000000000000000000000000000000000000000000000000000000000000000000000000000000000000000000000000000000000000000010000000000010000000000000000000 Press(13):VM_MOVE_10_RIGHT	cycle:15
1403) 	px0Hex:ff010203	px7Hex:ff030201	px1Bin:000000000000000000000000000000000000000000000000000000000000000000000000000000000000000000000000000000000000000000000000000000000000000000000000 Release(1):VM_BTN_LEFT Release(13):VM_MOVE_10_RIGHT	cycle:19
25899) 	px0Hex:ff010203	px7Hex:ff030201	px1Bin:000000000000000000000000000000000000000000000000000000000000000000000000000000000000000000000000000000000000000000000000000100000000000000000000 Press(12):VM_MOVE_10_LEFT	cycle:19
531) 	px0Hex:ff010203	px7Hex:ff030201	px1Bin:000000000000000000000000000000000000000000000000000000000000000000000000000000000000000000000000000000000000000010000000000010000000000000000000 Press(1):VM_BTN_LEFT Release(12):VM_MOVE_10_LEFT Press(13):VM_MOVE_10_RIGHT	cycle:31
451) 	px0Hex:ff010203	px7Hex:ff030201	px1Bin:000000000000000000000000000000000000000000000000000000000000000000000000000000000000000000000000000000000000000000000000000010000000000000000000 Release(1):VM_BTN_LEFT	cycle:17
66) 	px0Hex:ff010203	px7Hex:ff030201	px1Bin:000000000000000000000000000000000000000000000000000000000000000000000000000000000000000000000000000000000000000010000000000000000000000000000000 Press(1):VM_BTN_LEFT Release(13):VM_MOVE_10_RIGHT	cycle:15
67) 	px0Hex:ff010203	px7Hex:ff030201	px1Bin:000000000000000000000000000000000000000000000000000000000000000000000000000000000000000000000000000000000000000010000000000010000000000000000000 Press(13):VM_MOVE_10_RIGHT	cycle:15
1435) 	px0Hex:ff010203	px7Hex:ff030201	px1Bin:000000000000000000000000000000000000000000000000000000000000000000000000000000000000000000000000000000000000000000000000000000000000000000000000 Release(1):VM_BTN_LEFT Release(13):VM_MOVE_10_RIGHT	cycle:17
189366) 	px0Hex:ff010203	px7Hex:ff030201	px1Bin:000000000000000000000000000000000000000000000000000000000000000000000000000000000000000000000000000000000000000000000000000100000000000000000000 Press(12):VM_MOVE_10_LEFT	cycle:18
515) 	px0Hex:ff010203	px7Hex:ff030201	px1Bin:000000000000000000000000000000000000000000000000000000000000000000000000000000000000000000000000000000000000000010000000000010000000000000000000 Press(1):VM_BTN_LEFT Release(12):VM_MOVE_10_LEFT Press(13):VM_MOVE_10_RIGHT	cycle:34
886) 	px0Hex:ff010203	px7Hex:ff030201	px1Bin:000000000000000000000000000000000000000000000000000000000000000000000000000000000000000000000000000000000000000000000000000010000000000000000000 Release(1):VM_BTN_LEFT	cycle:20
64) 	px0Hex:ff010203	px7Hex:ff030201	px1Bin:000000000000000000000000000000000000000000000000000000000000000000000000000000000000000000000000000000000000000010000000000000000000000000000000 Press(1):VM_BTN_LEFT Release(13):VM_MOVE_10_RIGHT	cycle:16
50) 	px0Hex:ff010203	px7Hex:ff030201	px1Bin:000000000000000000000000000000000000000000000000000000000000000000000000000000000000000000000000000000000000000010000000000010000000000000000000 Press(13):VM_MOVE_10_RIGHT	cycle:15
1302) 	px0Hex:ff010203	px7Hex:ff030201	px1Bin:000000000000000000000000000000000000000000000000000000000000000000000000000000000000000000000000000000000000000000000000000000000000000000000000 Release(1):VM_BTN_LEFT Release(13):VM_MOVE_10_RIGHT	cycle:19
76899) 	px0Hex:ff010203	px7Hex:ff030201	px1Bin:000000000000000000000000000000000000000000000000000000000000000000000000000000000000000000000000000000000000000000000000000100000000000000000000 Press(12):VM_MOVE_10_LEFT	cycle:19
531) 	px0Hex:ff010203	px7Hex:ff030201	px1Bin:000000000000000000000000000000000000000000000000000000000000000000000000000000000000000000000000000000000000000010000000000000000000000000000000 Press(1):VM_BTN_LEFT Release(12):VM_MOVE_10_LEFT	cycle:33
1234) 	px0Hex:ff010203	px7Hex:ff030201	px1Bin:000000000000000000000000000000000000000000000000000000000000000000000000000000000000000000000000000000000000000000000000000010000000000000000000 Release(1):VM_BTN_LEFT Press(13):VM_MOVE_10_RIGHT	cycle:14
67) 	px0Hex:ff010203	px7Hex:ff030201	px1Bin:000000000000000000000000000000000000000000000000000000000000000000000000000000000000000000000000000000000000000010000000000000000000000000000000 Press(1):VM_BTN_LEFT Release(13):VM_MOVE_10_RIGHT	cycle:17
69) 	px0Hex:ff010203	px7Hex:ff030201	px1Bin:000000000000000000000000000000000000000000000000000000000000000000000000000000000000000000000000000000000000000010000000000010000000000000000000 Press(13):VM_MOVE_10_RIGHT	cycle:20
4480) 	px0Hex:ff010203	px7Hex:ff030201	px1Bin:000000000000000000000000000000000000000000000000000000000000000000000000000000000000000000000000000000000000000000000000000000000000000000000000 Release(1):VM_BTN_LEFT Release(13):VM_MOVE_10_RIGHT	cycle:17
46469) 	px0Hex:ff010203	px7Hex:ff030201	px1Bin:000000000000000000000000000000000000000000000000000000000000000000000000000000000000000000000000000000000000000000000000000100000000000000000000 Press(12):VM_MOVE_10_LEFT	cycle:17
514) 	px0Hex:ff010203	px7Hex:ff030201	px1Bin:000000000000000000000000000000000000000000000000000000000000000000000000000000000000000000000000000000000000000010000000000000000000000000000000 Press(1):VM_BTN_LEFT Release(12):VM_MOVE_10_LEFT	cycle:32
1251) 	px0Hex:ff010203	px7Hex:ff030201	px1Bin:000000000000000000000000000000000000000000000000000000000000000000000000000000000000000000000000000000000000000000000000000010000000000000000000 Release(1):VM_BTN_LEFT Press(13):VM_MOVE_10_RIGHT	cycle:17
50) 	px0Hex:ff010203	px7Hex:ff030201	px1Bin:000000000000000000000000000000000000000000000000000000000000000000000000000000000000000000000000000000000000000010000000000000000000000000000000 Press(1):VM_BTN_LEFT Release(13):VM_MOVE_10_RIGHT	cycle:16
67) 	px0Hex:ff010203	px7Hex:ff030201	px1Bin:000000000000000000000000000000000000000000000000000000000000000000000000000000000000000000000000000000000000000010000000000010000000000000000000 Press(13):VM_MOVE_10_RIGHT	cycle:17
8351) 	px0Hex:ff010203	px7Hex:ff030201	px1Bin:000000000000000000000000000000000000000000000000000000000000000000000000000000000000000000000000000000000000000000000000000000000000000000000000 Release(1):VM_BTN_LEFT Release(13):VM_MOVE_10_RIGHT	cycle:16
80031) 	px0Hex:ff010203	px7Hex:ff030201	px1Bin:000000000000000000000000000000000000000000000000000000000000000000000000000000000000000000000000000000000000000000000000000100000000000000000000 Press(12):VM_MOVE_10_LEFT	cycle:16
517) 	px0Hex:ff010203	px7Hex:ff030201	px1Bin:000000000000000000000000000000000000000000000000000000000000000000000000000000000000000000000000000000000000000010000000000000000000000000000000 Press(1):VM_BTN_LEFT Release(12):VM_MOVE_10_LEFT	cycle:33
1251) 	px0Hex:ff010203	px7Hex:ff030201	px1Bin:000000000000000000000000000000000000000000000000000000000000000000000000000000000000000000000000000000000000000000000000000010000000000000000000 Release(1):VM_BTN_LEFT Press(13):VM_MOVE_10_RIGHT	cycle:16
51) 	px0Hex:ff010203	px7Hex:ff030201	px1Bin:000000000000000000000000000000000000000000000000000000000000000000000000000000000000000000000000000000000000000010000000000000000000000000000000 Press(1):VM_BTN_LEFT Release(13):VM_MOVE_10_RIGHT	cycle:17
67) 	px0Hex:ff010203	px7Hex:ff030201	px1Bin:000000000000000000000000000000000000000000000000000000000000000000000000000000000000000000000000000000000000000010000000000010000000000000000000 Press(13):VM_MOVE_10_RIGHT	cycle:18
1315) 	px0Hex:ff010203	px7Hex:ff030201	px1Bin:000000000000000000000000000000000000000000000000000000000000000000000000000000000000000000000000000000000000000000000000000000000000000000000000 Release(1):VM_BTN_LEFT Release(13):VM_MOVE_10_RIGHT	cycle:15
22866) 	px0Hex:ff010203	px7Hex:ff030201	px1Bin:000000000000000000000000000000000000000000000000000000000000000000000000000000000000000000000000000000000000000000000000000100000000000000000000 Press(12):VM_MOVE_10_LEFT	cycle:15
516) 	px0Hex:ff010203	px7Hex:ff030201	px1Bin:000000000000000000000000000000000000000000000000000000000000000000000000000000000000000000000000000000000000000010000000000000000000000000000000 Press(1):VM_BTN_LEFT Release(12):VM_MOVE_10_LEFT	cycle:33
1252) 	px0Hex:ff010203	px7Hex:ff030201	px1Bin:000000000000000000000000000000000000000000000000000000000000000000000000000000000000000000000000000000000000000000000000000010000000000000000000 Release(1):VM_BTN_LEFT Press(13):VM_MOVE_10_RIGHT	cycle:17
64) 	px0Hex:ff010203	px7Hex:ff030201	px1Bin:000000000000000000000000000000000000000000000000000000000000000000000000000000000000000000000000000000000000000010000000000000000000000000000000 Press(1):VM_BTN_LEFT Release(13):VM_MOVE_10_RIGHT	cycle:32
52) 	px0Hex:ff010203	px7Hex:ff030201	px1Bin:000000000000000000000000000000000000000000000000000000000000000000000000000000000000000000000000000000000000000000000000000010000000000000000000 Release(1):VM_BTN_LEFT Press(13):VM_MOVE_10_RIGHT	cycle:18
50) 	px0Hex:ff010203	px7Hex:ff030201	px1Bin:000000000000000000000000000000000000000000000000000000000000000000000000000000000000000000000000000000000000000010000000000000000000000000000000 Press(1):VM_BTN_LEFT Release(13):VM_MOVE_10_RIGHT	cycle:16
900) 	px0Hex:ff010203	px7Hex:ff030201	px1Bin:000000000000000000000000000000000000000000000000000000000000000000000000000000000000000000000000000000000000000000000000000010000000000000000000 Release(1):VM_BTN_LEFT Press(13):VM_MOVE_10_RIGHT	cycle:15
67) 	px0Hex:ff010203	px7Hex:ff030201	px1Bin:000000000000000000000000000000000000000000000000000000000000000000000000000000000000000000000000000000000000000010000000000000000000000000000000 Press(1):VM_BTN_LEFT Release(13):VM_MOVE_10_RIGHT	cycle:16
67) 	px0Hex:ff010203	px7Hex:ff030201	px1Bin:000000000000000000000000000000000000000000000000000000000000000000000000000000000000000000000000000000000000000000000000000010000000000000000000 Release(1):VM_BTN_LEFT Press(13):VM_MOVE_10_RIGHT	cycle:16
49) 	px0Hex:ff010203	px7Hex:ff030201	px1Bin:000000000000000000000000000000000000000000000000000000000000000000000000000000000000000000000000000000000000000010000000000000000000000000000000 Press(1):VM_BTN_LEFT Release(13):VM_MOVE_10_RIGHT	cycle:17
1266) 	px0Hex:ff010203	px7Hex:ff030201	px1Bin:000000000000000000000000000000000000000000000000000000000000000000000000000000000000000000000000000000000000000000000000000010000000000000000000 Release(1):VM_BTN_LEFT Press(13):VM_MOVE_10_RIGHT	cycle:17
50) 	px0Hex:ff010203	px7Hex:ff030201	px1Bin:000000000000000000000000000000000000000000000000000000000000000000000000000000000000000000000000000000000000000010000000000000000000000000000000 Press(1):VM_BTN_LEFT Release(13):VM_MOVE_10_RIGHT	cycle:15
67) 	px0Hex:ff010203	px7Hex:ff030201	px1Bin:000000000000000000000000000000000000000000000000000000000000000000000000000000000000000000000000000000000000000000000000000010000000000000000000 Release(1):VM_BTN_LEFT Press(13):VM_MOVE_10_RIGHT	cycle:17
68) 	px0Hex:ff010203	px7Hex:ff030201	px1Bin:000000000000000000000000000000000000000000000000000000000000000000000000000000000000000000000000000000000000000010000000000000000000000000000000 Press(1):VM_BTN_LEFT Release(13):VM_MOVE_10_RIGHT	cycle:16
484) 	px0Hex:ff010203	px7Hex:ff030201	px1Bin:000000000000000000000000000000000000000000000000000000000000000000000000000000000000000000000000000000000000000000000000000010000000000000000000 Release(1):VM_BTN_LEFT Press(13):VM_MOVE_10_RIGHT	cycle:19
48) 	px0Hex:ff010203	px7Hex:ff030201	px1Bin:000000000000000000000000000000000000000000000000000000000000000000000000000000000000000000000000000000000000000010000000000000000000000000000000 Press(1):VM_BTN_LEFT Release(13):VM_MOVE_10_RIGHT	cycle:18
902) 	px0Hex:ff010203	px7Hex:ff030201	px1Bin:000000000000000000000000000000000000000000000000000000000000000000000000000000000000000000000000000000000000000000000000000010000000000000000000 Release(1):VM_BTN_LEFT Press(13):VM_MOVE_10_RIGHT	cycle:19
32) 	px0Hex:ff010203	px7Hex:ff030201	px1Bin:000000000000000000000000000000000000000000000000000000000000000000000000000000000000000000000000000000000000000000000000000000000000000000000000 Release(13):VM_MOVE_10_RIGHT	cycle:17
paintComponent: 300 x 50
paintComponent: 300 x 50
paintComponent: 300 x 50
paintComponent: 300 x 50
